<?xml version="1.0" encoding="UTF-8"?>
<!-- Generated by org.testng.reporters.JUnitXMLReporter -->
<testsuite hostname="DESKTOP-DIUIAJ9" ignored="0" name="Test" tests="1" failures="1" timestamp="27 Apr 2018 11:47:55 GMT" time="48.017" errors="0">
  <testcase name="lunchBrowser" time="47.952" classname="com.test.Demo">
    <failure type="org.openqa.selenium.WebDriverException" message="Failed to connect to binary FirefoxBinary(C:\Program Files\Mozilla Firefox\firefox.exe) on port 7055; process output follows: 
dons.xpi	INFO	Mapping firefox@getpocket.com to C:\Program Files\Mozilla Firefox\browser\features\firefox@getpocket.com.xpi
1524829634936	addons.xpi	INFO	Mapping followonsearch@mozilla.com to C:\Program Files\Mozilla Firefox\browser\features\followonsearch@mozilla.com.xpi
1524829634936	addons.xpi	INFO	Mapping formautofill@mozilla.org to C:\Program Files\Mozilla Firefox\browser\features\formautofill@mozilla.org.xpi
1524829634936	addons.xpi	INFO	Mapping onboarding@mozilla.org to C:\Program Files\Mozilla Firefox\browser\features\onboarding@mozilla.org.xpi
1524829634936	addons.xpi	INFO	Mapping screenshots@mozilla.org to C:\Program Files\Mozilla Firefox\browser\features\screenshots@mozilla.org.xpi
1524829634936	addons.xpi	INFO	Mapping shield-recipe-client@mozilla.org to C:\Program Files\Mozilla Firefox\browser\features\shield-recipe-client@mozilla.org.xpi
1524829634936	addons.xpi	INFO	Mapping webcompat@mozilla.org to C:\Program Files\Mozilla Firefox\browser\features\webcompat@mozilla.org.xpi
1524829634936	addons.xpi	DEBUG	Existing add-on activity-stream@mozilla.org in app-system-defaults
1524829634938	addons.xpi	DEBUG	Existing add-on aushelper@mozilla.org in app-system-defaults
1524829634938	addons.xpi	DEBUG	Existing add-on firefox@getpocket.com in app-system-defaults
1524829634938	addons.xpi	DEBUG	Existing add-on followonsearch@mozilla.com in app-system-defaults
1524829634940	addons.xpi	DEBUG	Existing add-on formautofill@mozilla.org in app-system-defaults
1524829634940	addons.xpi	DEBUG	Existing add-on onboarding@mozilla.org in app-system-defaults
1524829634940	addons.xpi	DEBUG	Existing add-on screenshots@mozilla.org in app-system-defaults
1524829634940	addons.xpi	DEBUG	Existing add-on shield-recipe-client@mozilla.org in app-system-defaults
1524829634940	addons.xpi	DEBUG	Existing add-on webcompat@mozilla.org in app-system-defaults
1524829634942	addons.xpi	INFO	Mapping {972ce4c6-7e08-4474-a285-3208198ce6fd} to C:\Program Files\Mozilla Firefox\browser\extensions\{972ce4c6-7e08-4474-a285-3208198ce6fd}.xpi
1524829634942	addons.xpi	DEBUG	Existing add-on {972ce4c6-7e08-4474-a285-3208198ce6fd} in app-global
1524829634944	addons.xpi	DEBUG	Existing add-on light_plugin_448EC0843447455C9DA355B3C2811D6A@kaspersky.com in winreg-app-global
1524829634944	addons.xpi	DEBUG	getInstallState changed: false, state: {}
1524829652424	addons.xpi	DEBUG	Calling bootstrap method shutdown on webcompat@mozilla.org version 1.1
1524829652424	addons.xpi	DEBUG	Calling bootstrap method shutdown on shield-recipe-client@mozilla.org version 80
1524829652426	addons.xpi	DEBUG	Calling bootstrap method shutdown on screenshots@mozilla.org version 25.0.0
1524829652442	addons.xpi	DEBUG	Calling bootstrap method shutdown on onboarding@mozilla.org version 1.0
1524829652442	addons.xpi	DEBUG	Calling bootstrap method shutdown on formautofill@mozilla.org version 1.0
1524829652444	addons.xpi	DEBUG	Calling bootstrap method shutdown on followonsearch@mozilla.com version 0.9.6
1524829652444	addons.xpi	DEBUG	Calling bootstrap method shutdown on firefox@getpocket.com version 1.0.5
1524829652446	addons.xpi	DEBUG	Calling bootstrap method shutdown on aushelper@mozilla.org version 2.0
1524829652448	addons.xpi	DEBUG	Calling bootstrap method shutdown on activity-stream@mozilla.org version 2018.02.17.0026-173e2795
1524829652712	addons.manager	DEBUG	shutdown
1524829652712	addons.manager	DEBUG	Calling shutdown blocker for XPIProvider
1524829652712	addons.xpi	DEBUG	shutdown
1524829652714	addons.xpi-utils	DEBUG	shutdown
1524829652714	addons.manager	DEBUG	Calling shutdown blocker for LightweightThemeManager
1524829652714	addons.manager	DEBUG	Calling shutdown blocker for GMPProvider
1524829652714	addons.manager	DEBUG	Calling shutdown blocker for PluginProvider
1524829652714	addons.manager	DEBUG	Calling shutdown blocker for PreviousExperimentProvider
1524829652718	addons.manager	DEBUG	Async provider shutdown done
*** UTM:SVC TimerManager:registerTimer called after profile-before-change notification. Ignoring timer registration for id: telemetry_modules_ping

Build info: version: &amp;apos;2.53.0&amp;apos;, revision: &amp;apos;35ae25b1534ae328c771e0856c93e187490ca824&amp;apos;, time: &amp;apos;2016-03-15 10:43:46&amp;apos;
System info: host: &amp;apos;DESKTOP-DIUIAJ9&amp;apos;, ip: &amp;apos;192.168.0.9&amp;apos;, os.name: &amp;apos;Windows 10&amp;apos;, os.arch: &amp;apos;amd64&amp;apos;, os.version: &amp;apos;10.0&amp;apos;, java.version: &amp;apos;1.8.0_172&amp;apos;
Driver info: driver.version: FirefoxDriver">
      <![CDATA[org.openqa.selenium.WebDriverException: Failed to connect to binary FirefoxBinary(C:\Program Files\Mozilla Firefox\firefox.exe) on port 7055; process output follows: dons.xpiINFOMapping firefox@getpocket.com to C:\Program Files\Mozilla Firefox\browser\features\firefox@getpocket.com.xpi1524829634936addons.xpiINFOMapping followonsearch@mozilla.com to C:\Program Files\Mozilla Firefox\browser\features\followonsearch@mozilla.com.xpi1524829634936addons.xpiINFOMapping formautofill@mozilla.org to C:\Program Files\Mozilla Firefox\browser\features\formautofill@mozilla.org.xpi1524829634936addons.xpiINFOMapping onboarding@mozilla.org to C:\Program Files\Mozilla Firefox\browser\features\onboarding@mozilla.org.xpi1524829634936addons.xpiINFOMapping screenshots@mozilla.org to C:\Program Files\Mozilla Firefox\browser\features\screenshots@mozilla.org.xpi1524829634936addons.xpiINFOMapping shield-recipe-client@mozilla.org to C:\Program Files\Mozilla Firefox\browser\features\shield-recipe-client@mozilla.org.xpi1524829634936addons.xpiINFOMapping webcompat@mozilla.org to C:\Program Files\Mozilla Firefox\browser\features\webcompat@mozilla.org.xpi1524829634936addons.xpiDEBUGExisting add-on activity-stream@mozilla.org in app-system-defaults1524829634938addons.xpiDEBUGExisting add-on aushelper@mozilla.org in app-system-defaults1524829634938addons.xpiDEBUGExisting add-on firefox@getpocket.com in app-system-defaults1524829634938addons.xpiDEBUGExisting add-on followonsearch@mozilla.com in app-system-defaults1524829634940addons.xpiDEBUGExisting add-on formautofill@mozilla.org in app-system-defaults1524829634940addons.xpiDEBUGExisting add-on onboarding@mozilla.org in app-system-defaults1524829634940addons.xpiDEBUGExisting add-on screenshots@mozilla.org in app-system-defaults1524829634940addons.xpiDEBUGExisting add-on shield-recipe-client@mozilla.org in app-system-defaults1524829634940addons.xpiDEBUGExisting add-on webcompat@mozilla.org in app-system-defaults1524829634942addons.xpiINFOMapping {972ce4c6-7e08-4474-a285-3208198ce6fd} to C:\Program Files\Mozilla Firefox\browser\extensions\{972ce4c6-7e08-4474-a285-3208198ce6fd}.xpi1524829634942addons.xpiDEBUGExisting add-on {972ce4c6-7e08-4474-a285-3208198ce6fd} in app-global1524829634944addons.xpiDEBUGExisting add-on light_plugin_448EC0843447455C9DA355B3C2811D6A@kaspersky.com in winreg-app-global1524829634944addons.xpiDEBUGgetInstallState changed: false, state: {}1524829652424addons.xpiDEBUGCalling bootstrap method shutdown on webcompat@mozilla.org version 1.11524829652424addons.xpiDEBUGCalling bootstrap method shutdown on shield-recipe-client@mozilla.org version 801524829652426addons.xpiDEBUGCalling bootstrap method shutdown on screenshots@mozilla.org version 25.0.01524829652442addons.xpiDEBUGCalling bootstrap method shutdown on onboarding@mozilla.org version 1.01524829652442addons.xpiDEBUGCalling bootstrap method shutdown on formautofill@mozilla.org version 1.01524829652444addons.xpiDEBUGCalling bootstrap method shutdown on followonsearch@mozilla.com version 0.9.61524829652444addons.xpiDEBUGCalling bootstrap method shutdown on firefox@getpocket.com version 1.0.51524829652446addons.xpiDEBUGCalling bootstrap method shutdown on aushelper@mozilla.org version 2.01524829652448addons.xpiDEBUGCalling bootstrap method shutdown on activity-stream@mozilla.org version 2018.02.17.0026-173e27951524829652712addons.managerDEBUGshutdown1524829652712addons.managerDEBUGCalling shutdown blocker for XPIProvider1524829652712addons.xpiDEBUGshutdown1524829652714addons.xpi-utilsDEBUGshutdown1524829652714addons.managerDEBUGCalling shutdown blocker for LightweightThemeManager1524829652714addons.managerDEBUGCalling shutdown blocker for GMPProvider1524829652714addons.managerDEBUGCalling shutdown blocker for PluginProvider1524829652714addons.managerDEBUGCalling shutdown blocker for PreviousExperimentProvider1524829652718addons.managerDEBUGAsync provider shutdown done*** UTM:SVC TimerManager:registerTimer called after profile-before-change notification. Ignoring timer registration for id: telemetry_modules_pingBuild info: version: '2.53.0', revision: '35ae25b1534ae328c771e0856c93e187490ca824', time: '2016-03-15 10:43:46'System info: host: 'DESKTOP-DIUIAJ9', ip: '192.168.0.9', os.name: 'Windows 10', os.arch: 'amd64', os.version: '10.0', java.version: '1.8.0_172'Driver info: driver.version: FirefoxDriverat org.openqa.selenium.firefox.internal.NewProfileExtensionConnection.start(NewProfileExtensionConnection.java:125)at org.openqa.selenium.firefox.FirefoxDriver.startClient(FirefoxDriver.java:271)at org.openqa.selenium.remote.RemoteWebDriver.<init>(RemoteWebDriver.java:119)at org.openqa.selenium.firefox.FirefoxDriver.<init>(FirefoxDriver.java:216)at org.openqa.selenium.firefox.FirefoxDriver.<init>(FirefoxDriver.java:211)at org.openqa.selenium.firefox.FirefoxDriver.<init>(FirefoxDriver.java:207)at org.openqa.selenium.firefox.FirefoxDriver.<init>(FirefoxDriver.java:120)at com.test.Demo.lunchBrowser(Demo.java:21)Caused by: org.openqa.selenium.firefox.NotConnectedException: Unable to connect to host 127.0.0.1 on port 7055 after 45000 ms. Firefox console output:dons.xpiINFOMapping firefox@getpocket.com to C:\Program Files\Mozilla Firefox\browser\features\firefox@getpocket.com.xpi1524829634936addons.xpiINFOMapping followonsearch@mozilla.com to C:\Program Files\Mozilla Firefox\browser\features\followonsearch@mozilla.com.xpi1524829634936addons.xpiINFOMapping formautofill@mozilla.org to C:\Program Files\Mozilla Firefox\browser\features\formautofill@mozilla.org.xpi1524829634936addons.xpiINFOMapping onboarding@mozilla.org to C:\Program Files\Mozilla Firefox\browser\features\onboarding@mozilla.org.xpi1524829634936addons.xpiINFOMapping screenshots@mozilla.org to C:\Program Files\Mozilla Firefox\browser\features\screenshots@mozilla.org.xpi1524829634936addons.xpiINFOMapping shield-recipe-client@mozilla.org to C:\Program Files\Mozilla Firefox\browser\features\shield-recipe-client@mozilla.org.xpi1524829634936addons.xpiINFOMapping webcompat@mozilla.org to C:\Program Files\Mozilla Firefox\browser\features\webcompat@mozilla.org.xpi1524829634936addons.xpiDEBUGExisting add-on activity-stream@mozilla.org in app-system-defaults1524829634938addons.xpiDEBUGExisting add-on aushelper@mozilla.org in app-system-defaults1524829634938addons.xpiDEBUGExisting add-on firefox@getpocket.com in app-system-defaults1524829634938addons.xpiDEBUGExisting add-on followonsearch@mozilla.com in app-system-defaults1524829634940addons.xpiDEBUGExisting add-on formautofill@mozilla.org in app-system-defaults1524829634940addons.xpiDEBUGExisting add-on onboarding@mozilla.org in app-system-defaults1524829634940addons.xpiDEBUGExisting add-on screenshots@mozilla.org in app-system-defaults1524829634940addons.xpiDEBUGExisting add-on shield-recipe-client@mozilla.org in app-system-defaults1524829634940addons.xpiDEBUGExisting add-on webcompat@mozilla.org in app-system-defaults1524829634942addons.xpiINFOMapping {972ce4c6-7e08-4474-a285-3208198ce6fd} to C:\Program Files\Mozilla Firefox\browser\extensions\{972ce4c6-7e08-4474-a285-3208198ce6fd}.xpi1524829634942addons.xpiDEBUGExisting add-on {972ce4c6-7e08-4474-a285-3208198ce6fd} in app-global1524829634944addons.xpiDEBUGExisting add-on light_plugin_448EC0843447455C9DA355B3C2811D6A@kaspersky.com in winreg-app-global1524829634944addons.xpiDEBUGgetInstallState changed: false, state: {}1524829652424addons.xpiDEBUGCalling bootstrap method shutdown on webcompat@mozilla.org version 1.11524829652424addons.xpiDEBUGCalling bootstrap method shutdown on shield-recipe-client@mozilla.org version 801524829652426addons.xpiDEBUGCalling bootstrap method shutdown on screenshots@mozilla.org version 25.0.01524829652442addons.xpiDEBUGCalling bootstrap method shutdown on onboarding@mozilla.org version 1.01524829652442addons.xpiDEBUGCalling bootstrap method shutdown on formautofill@mozilla.org version 1.01524829652444addons.xpiDEBUGCalling bootstrap method shutdown on followonsearch@mozilla.com version 0.9.61524829652444addons.xpiDEBUGCalling bootstrap method shutdown on firefox@getpocket.com version 1.0.51524829652446addons.xpiDEBUGCalling bootstrap method shutdown on aushelper@mozilla.org version 2.01524829652448addons.xpiDEBUGCalling bootstrap method shutdown on activity-stream@mozilla.org version 2018.02.17.0026-173e27951524829652712addons.managerDEBUGshutdown1524829652712addons.managerDEBUGCalling shutdown blocker for XPIProvider1524829652712addons.xpiDEBUGshutdown1524829652714addons.xpi-utilsDEBUGshutdown1524829652714addons.managerDEBUGCalling shutdown blocker for LightweightThemeManager1524829652714addons.managerDEBUGCalling shutdown blocker for GMPProvider1524829652714addons.managerDEBUGCalling shutdown blocker for PluginProvider1524829652714addons.managerDEBUGCalling shutdown blocker for PreviousExperimentProvider1524829652718addons.managerDEBUGAsync provider shutdown done*** UTM:SVC TimerManager:registerTimer called after profile-before-change notification. Ignoring timer registration for id: telemetry_modules_pingat org.openqa.selenium.firefox.internal.NewProfileExtensionConnection.start(NewProfileExtensionConnection.java:113)... 35 more... Removed 28 stack frames]]>
    </failure>
  </testcase> <!-- lunchBrowser -->
</testsuite> <!-- Test -->
