<?xml version="1.0" encoding="UTF-8"?>
<testng-results skipped="0" failed="1" ignored="0" total="1" passed="0">
  <reporter-output>
  </reporter-output>
  <suite name="Suite" duration-ms="48017" started-at="2018-04-27T11:47:07Z" finished-at="2018-04-27T11:47:55Z">
    <groups>
    </groups>
    <test name="Test" duration-ms="48017" started-at="2018-04-27T11:47:07Z" finished-at="2018-04-27T11:47:55Z">
      <class name="com.test.Demo">
        <test-method status="FAIL" signature="lunchBrowser()[pri:0, instance:com.test.Demo@1fbc7afb]" name="lunchBrowser" duration-ms="47952" started-at="2018-04-27T12:47:07Z" finished-at="2018-04-27T12:47:55Z">
          <exception class="org.openqa.selenium.WebDriverException">
            <message>
              <![CDATA[Failed to connect to binary FirefoxBinary(C:\Program Files\Mozilla Firefox\firefox.exe) on port 7055; process output follows: dons.xpiINFOMapping firefox@getpocket.com to C:\Program Files\Mozilla Firefox\browser\features\firefox@getpocket.com.xpi1524829634936addons.xpiINFOMapping followonsearch@mozilla.com to C:\Program Files\Mozilla Firefox\browser\features\followonsearch@mozilla.com.xpi1524829634936addons.xpiINFOMapping formautofill@mozilla.org to C:\Program Files\Mozilla Firefox\browser\features\formautofill@mozilla.org.xpi1524829634936addons.xpiINFOMapping onboarding@mozilla.org to C:\Program Files\Mozilla Firefox\browser\features\onboarding@mozilla.org.xpi1524829634936addons.xpiINFOMapping screenshots@mozilla.org to C:\Program Files\Mozilla Firefox\browser\features\screenshots@mozilla.org.xpi1524829634936addons.xpiINFOMapping shield-recipe-client@mozilla.org to C:\Program Files\Mozilla Firefox\browser\features\shield-recipe-client@mozilla.org.xpi1524829634936addons.xpiINFOMapping webcompat@mozilla.org to C:\Program Files\Mozilla Firefox\browser\features\webcompat@mozilla.org.xpi1524829634936addons.xpiDEBUGExisting add-on activity-stream@mozilla.org in app-system-defaults1524829634938addons.xpiDEBUGExisting add-on aushelper@mozilla.org in app-system-defaults1524829634938addons.xpiDEBUGExisting add-on firefox@getpocket.com in app-system-defaults1524829634938addons.xpiDEBUGExisting add-on followonsearch@mozilla.com in app-system-defaults1524829634940addons.xpiDEBUGExisting add-on formautofill@mozilla.org in app-system-defaults1524829634940addons.xpiDEBUGExisting add-on onboarding@mozilla.org in app-system-defaults1524829634940addons.xpiDEBUGExisting add-on screenshots@mozilla.org in app-system-defaults1524829634940addons.xpiDEBUGExisting add-on shield-recipe-client@mozilla.org in app-system-defaults1524829634940addons.xpiDEBUGExisting add-on webcompat@mozilla.org in app-system-defaults1524829634942addons.xpiINFOMapping {972ce4c6-7e08-4474-a285-3208198ce6fd} to C:\Program Files\Mozilla Firefox\browser\extensions\{972ce4c6-7e08-4474-a285-3208198ce6fd}.xpi1524829634942addons.xpiDEBUGExisting add-on {972ce4c6-7e08-4474-a285-3208198ce6fd} in app-global1524829634944addons.xpiDEBUGExisting add-on light_plugin_448EC0843447455C9DA355B3C2811D6A@kaspersky.com in winreg-app-global1524829634944addons.xpiDEBUGgetInstallState changed: false, state: {}1524829652424addons.xpiDEBUGCalling bootstrap method shutdown on webcompat@mozilla.org version 1.11524829652424addons.xpiDEBUGCalling bootstrap method shutdown on shield-recipe-client@mozilla.org version 801524829652426addons.xpiDEBUGCalling bootstrap method shutdown on screenshots@mozilla.org version 25.0.01524829652442addons.xpiDEBUGCalling bootstrap method shutdown on onboarding@mozilla.org version 1.01524829652442addons.xpiDEBUGCalling bootstrap method shutdown on formautofill@mozilla.org version 1.01524829652444addons.xpiDEBUGCalling bootstrap method shutdown on followonsearch@mozilla.com version 0.9.61524829652444addons.xpiDEBUGCalling bootstrap method shutdown on firefox@getpocket.com version 1.0.51524829652446addons.xpiDEBUGCalling bootstrap method shutdown on aushelper@mozilla.org version 2.01524829652448addons.xpiDEBUGCalling bootstrap method shutdown on activity-stream@mozilla.org version 2018.02.17.0026-173e27951524829652712addons.managerDEBUGshutdown1524829652712addons.managerDEBUGCalling shutdown blocker for XPIProvider1524829652712addons.xpiDEBUGshutdown1524829652714addons.xpi-utilsDEBUGshutdown1524829652714addons.managerDEBUGCalling shutdown blocker for LightweightThemeManager1524829652714addons.managerDEBUGCalling shutdown blocker for GMPProvider1524829652714addons.managerDEBUGCalling shutdown blocker for PluginProvider1524829652714addons.managerDEBUGCalling shutdown blocker for PreviousExperimentProvider1524829652718addons.managerDEBUGAsync provider shutdown done*** UTM:SVC TimerManager:registerTimer called after profile-before-change notification. Ignoring timer registration for id: telemetry_modules_pingBuild info: version: '2.53.0', revision: '35ae25b1534ae328c771e0856c93e187490ca824', time: '2016-03-15 10:43:46'System info: host: 'DESKTOP-DIUIAJ9', ip: '192.168.0.9', os.name: 'Windows 10', os.arch: 'amd64', os.version: '10.0', java.version: '1.8.0_172'Driver info: driver.version: FirefoxDriver]]>
            </message>
            <full-stacktrace>
              <![CDATA[org.openqa.selenium.WebDriverException: Failed to connect to binary FirefoxBinary(C:\Program Files\Mozilla Firefox\firefox.exe) on port 7055; process output follows: dons.xpiINFOMapping firefox@getpocket.com to C:\Program Files\Mozilla Firefox\browser\features\firefox@getpocket.com.xpi1524829634936addons.xpiINFOMapping followonsearch@mozilla.com to C:\Program Files\Mozilla Firefox\browser\features\followonsearch@mozilla.com.xpi1524829634936addons.xpiINFOMapping formautofill@mozilla.org to C:\Program Files\Mozilla Firefox\browser\features\formautofill@mozilla.org.xpi1524829634936addons.xpiINFOMapping onboarding@mozilla.org to C:\Program Files\Mozilla Firefox\browser\features\onboarding@mozilla.org.xpi1524829634936addons.xpiINFOMapping screenshots@mozilla.org to C:\Program Files\Mozilla Firefox\browser\features\screenshots@mozilla.org.xpi1524829634936addons.xpiINFOMapping shield-recipe-client@mozilla.org to C:\Program Files\Mozilla Firefox\browser\features\shield-recipe-client@mozilla.org.xpi1524829634936addons.xpiINFOMapping webcompat@mozilla.org to C:\Program Files\Mozilla Firefox\browser\features\webcompat@mozilla.org.xpi1524829634936addons.xpiDEBUGExisting add-on activity-stream@mozilla.org in app-system-defaults1524829634938addons.xpiDEBUGExisting add-on aushelper@mozilla.org in app-system-defaults1524829634938addons.xpiDEBUGExisting add-on firefox@getpocket.com in app-system-defaults1524829634938addons.xpiDEBUGExisting add-on followonsearch@mozilla.com in app-system-defaults1524829634940addons.xpiDEBUGExisting add-on formautofill@mozilla.org in app-system-defaults1524829634940addons.xpiDEBUGExisting add-on onboarding@mozilla.org in app-system-defaults1524829634940addons.xpiDEBUGExisting add-on screenshots@mozilla.org in app-system-defaults1524829634940addons.xpiDEBUGExisting add-on shield-recipe-client@mozilla.org in app-system-defaults1524829634940addons.xpiDEBUGExisting add-on webcompat@mozilla.org in app-system-defaults1524829634942addons.xpiINFOMapping {972ce4c6-7e08-4474-a285-3208198ce6fd} to C:\Program Files\Mozilla Firefox\browser\extensions\{972ce4c6-7e08-4474-a285-3208198ce6fd}.xpi1524829634942addons.xpiDEBUGExisting add-on {972ce4c6-7e08-4474-a285-3208198ce6fd} in app-global1524829634944addons.xpiDEBUGExisting add-on light_plugin_448EC0843447455C9DA355B3C2811D6A@kaspersky.com in winreg-app-global1524829634944addons.xpiDEBUGgetInstallState changed: false, state: {}1524829652424addons.xpiDEBUGCalling bootstrap method shutdown on webcompat@mozilla.org version 1.11524829652424addons.xpiDEBUGCalling bootstrap method shutdown on shield-recipe-client@mozilla.org version 801524829652426addons.xpiDEBUGCalling bootstrap method shutdown on screenshots@mozilla.org version 25.0.01524829652442addons.xpiDEBUGCalling bootstrap method shutdown on onboarding@mozilla.org version 1.01524829652442addons.xpiDEBUGCalling bootstrap method shutdown on formautofill@mozilla.org version 1.01524829652444addons.xpiDEBUGCalling bootstrap method shutdown on followonsearch@mozilla.com version 0.9.61524829652444addons.xpiDEBUGCalling bootstrap method shutdown on firefox@getpocket.com version 1.0.51524829652446addons.xpiDEBUGCalling bootstrap method shutdown on aushelper@mozilla.org version 2.01524829652448addons.xpiDEBUGCalling bootstrap method shutdown on activity-stream@mozilla.org version 2018.02.17.0026-173e27951524829652712addons.managerDEBUGshutdown1524829652712addons.managerDEBUGCalling shutdown blocker for XPIProvider1524829652712addons.xpiDEBUGshutdown1524829652714addons.xpi-utilsDEBUGshutdown1524829652714addons.managerDEBUGCalling shutdown blocker for LightweightThemeManager1524829652714addons.managerDEBUGCalling shutdown blocker for GMPProvider1524829652714addons.managerDEBUGCalling shutdown blocker for PluginProvider1524829652714addons.managerDEBUGCalling shutdown blocker for PreviousExperimentProvider1524829652718addons.managerDEBUGAsync provider shutdown done*** UTM:SVC TimerManager:registerTimer called after profile-before-change notification. Ignoring timer registration for id: telemetry_modules_pingBuild info: version: '2.53.0', revision: '35ae25b1534ae328c771e0856c93e187490ca824', time: '2016-03-15 10:43:46'System info: host: 'DESKTOP-DIUIAJ9', ip: '192.168.0.9', os.name: 'Windows 10', os.arch: 'amd64', os.version: '10.0', java.version: '1.8.0_172'Driver info: driver.version: FirefoxDriverat org.openqa.selenium.firefox.internal.NewProfileExtensionConnection.start(NewProfileExtensionConnection.java:125)at org.openqa.selenium.firefox.FirefoxDriver.startClient(FirefoxDriver.java:271)at org.openqa.selenium.remote.RemoteWebDriver.<init>(RemoteWebDriver.java:119)at org.openqa.selenium.firefox.FirefoxDriver.<init>(FirefoxDriver.java:216)at org.openqa.selenium.firefox.FirefoxDriver.<init>(FirefoxDriver.java:211)at org.openqa.selenium.firefox.FirefoxDriver.<init>(FirefoxDriver.java:207)at org.openqa.selenium.firefox.FirefoxDriver.<init>(FirefoxDriver.java:120)at com.test.Demo.lunchBrowser(Demo.java:21)at sun.reflect.NativeMethodAccessorImpl.invoke0(Native Method)at sun.reflect.NativeMethodAccessorImpl.invoke(NativeMethodAccessorImpl.java:62)at sun.reflect.DelegatingMethodAccessorImpl.invoke(DelegatingMethodAccessorImpl.java:43)at java.lang.reflect.Method.invoke(Method.java:498)at org.testng.internal.MethodInvocationHelper.invokeMethod(MethodInvocationHelper.java:124)at org.testng.internal.Invoker.invokeMethod(Invoker.java:571)at org.testng.internal.Invoker.invokeTestMethod(Invoker.java:707)at org.testng.internal.Invoker.invokeTestMethods(Invoker.java:979)at org.testng.internal.TestMethodWorker.invokeTestMethods(TestMethodWorker.java:125)at org.testng.internal.TestMethodWorker.run(TestMethodWorker.java:109)at org.testng.TestRunner.privateRun(TestRunner.java:648)at org.testng.TestRunner.run(TestRunner.java:505)at org.testng.SuiteRunner.runTest(SuiteRunner.java:455)at org.testng.SuiteRunner.runSequentially(SuiteRunner.java:450)at org.testng.SuiteRunner.privateRun(SuiteRunner.java:415)at org.testng.SuiteRunner.run(SuiteRunner.java:364)at org.testng.SuiteRunnerWorker.runSuite(SuiteRunnerWorker.java:52)at org.testng.SuiteRunnerWorker.run(SuiteRunnerWorker.java:84)at org.testng.TestNG.runSuitesSequentially(TestNG.java:1187)at org.testng.TestNG.runSuitesLocally(TestNG.java:1116)at org.testng.TestNG.runSuites(TestNG.java:1028)at org.testng.TestNG.run(TestNG.java:996)at org.apache.maven.surefire.testng.TestNGExecutor.run(TestNGExecutor.java:293)at org.apache.maven.surefire.testng.TestNGXmlTestSuite.execute(TestNGXmlTestSuite.java:84)at org.apache.maven.surefire.testng.TestNGProvider.invoke(TestNGProvider.java:91)at org.apache.maven.surefire.booter.ForkedBooter.invokeProviderInSameClassLoader(ForkedBooter.java:200)at org.apache.maven.surefire.booter.ForkedBooter.runSuitesInProcess(ForkedBooter.java:153)at org.apache.maven.surefire.booter.ForkedBooter.main(ForkedBooter.java:103)Caused by: org.openqa.selenium.firefox.NotConnectedException: Unable to connect to host 127.0.0.1 on port 7055 after 45000 ms. Firefox console output:dons.xpiINFOMapping firefox@getpocket.com to C:\Program Files\Mozilla Firefox\browser\features\firefox@getpocket.com.xpi1524829634936addons.xpiINFOMapping followonsearch@mozilla.com to C:\Program Files\Mozilla Firefox\browser\features\followonsearch@mozilla.com.xpi1524829634936addons.xpiINFOMapping formautofill@mozilla.org to C:\Program Files\Mozilla Firefox\browser\features\formautofill@mozilla.org.xpi1524829634936addons.xpiINFOMapping onboarding@mozilla.org to C:\Program Files\Mozilla Firefox\browser\features\onboarding@mozilla.org.xpi1524829634936addons.xpiINFOMapping screenshots@mozilla.org to C:\Program Files\Mozilla Firefox\browser\features\screenshots@mozilla.org.xpi1524829634936addons.xpiINFOMapping shield-recipe-client@mozilla.org to C:\Program Files\Mozilla Firefox\browser\features\shield-recipe-client@mozilla.org.xpi1524829634936addons.xpiINFOMapping webcompat@mozilla.org to C:\Program Files\Mozilla Firefox\browser\features\webcompat@mozilla.org.xpi1524829634936addons.xpiDEBUGExisting add-on activity-stream@mozilla.org in app-system-defaults1524829634938addons.xpiDEBUGExisting add-on aushelper@mozilla.org in app-system-defaults1524829634938addons.xpiDEBUGExisting add-on firefox@getpocket.com in app-system-defaults1524829634938addons.xpiDEBUGExisting add-on followonsearch@mozilla.com in app-system-defaults1524829634940addons.xpiDEBUGExisting add-on formautofill@mozilla.org in app-system-defaults1524829634940addons.xpiDEBUGExisting add-on onboarding@mozilla.org in app-system-defaults1524829634940addons.xpiDEBUGExisting add-on screenshots@mozilla.org in app-system-defaults1524829634940addons.xpiDEBUGExisting add-on shield-recipe-client@mozilla.org in app-system-defaults1524829634940addons.xpiDEBUGExisting add-on webcompat@mozilla.org in app-system-defaults1524829634942addons.xpiINFOMapping {972ce4c6-7e08-4474-a285-3208198ce6fd} to C:\Program Files\Mozilla Firefox\browser\extensions\{972ce4c6-7e08-4474-a285-3208198ce6fd}.xpi1524829634942addons.xpiDEBUGExisting add-on {972ce4c6-7e08-4474-a285-3208198ce6fd} in app-global1524829634944addons.xpiDEBUGExisting add-on light_plugin_448EC0843447455C9DA355B3C2811D6A@kaspersky.com in winreg-app-global1524829634944addons.xpiDEBUGgetInstallState changed: false, state: {}1524829652424addons.xpiDEBUGCalling bootstrap method shutdown on webcompat@mozilla.org version 1.11524829652424addons.xpiDEBUGCalling bootstrap method shutdown on shield-recipe-client@mozilla.org version 801524829652426addons.xpiDEBUGCalling bootstrap method shutdown on screenshots@mozilla.org version 25.0.01524829652442addons.xpiDEBUGCalling bootstrap method shutdown on onboarding@mozilla.org version 1.01524829652442addons.xpiDEBUGCalling bootstrap method shutdown on formautofill@mozilla.org version 1.01524829652444addons.xpiDEBUGCalling bootstrap method shutdown on followonsearch@mozilla.com version 0.9.61524829652444addons.xpiDEBUGCalling bootstrap method shutdown on firefox@getpocket.com version 1.0.51524829652446addons.xpiDEBUGCalling bootstrap method shutdown on aushelper@mozilla.org version 2.01524829652448addons.xpiDEBUGCalling bootstrap method shutdown on activity-stream@mozilla.org version 2018.02.17.0026-173e27951524829652712addons.managerDEBUGshutdown1524829652712addons.managerDEBUGCalling shutdown blocker for XPIProvider1524829652712addons.xpiDEBUGshutdown1524829652714addons.xpi-utilsDEBUGshutdown1524829652714addons.managerDEBUGCalling shutdown blocker for LightweightThemeManager1524829652714addons.managerDEBUGCalling shutdown blocker for GMPProvider1524829652714addons.managerDEBUGCalling shutdown blocker for PluginProvider1524829652714addons.managerDEBUGCalling shutdown blocker for PreviousExperimentProvider1524829652718addons.managerDEBUGAsync provider shutdown done*** UTM:SVC TimerManager:registerTimer called after profile-before-change notification. Ignoring timer registration for id: telemetry_modules_pingat org.openqa.selenium.firefox.internal.NewProfileExtensionConnection.start(NewProfileExtensionConnection.java:113)... 35 more]]>
            </full-stacktrace>
          </exception> <!-- org.openqa.selenium.WebDriverException -->
          <reporter-output>
          </reporter-output>
        </test-method> <!-- lunchBrowser -->
      </class> <!-- com.test.Demo -->
    </test> <!-- Test -->
  </suite> <!-- Suite -->
</testng-results>
